<?xml version="1.0" encoding="UTF-8"?>
<!-- Generated by org.testng.reporters.JUnitReportReporter -->
<testsuite hostname="DESKTOP-EU2KRPD" failures="0" tests="1" name="GitBashPractice.GitBashSampleTest" time="0.032" errors="0" timestamp="2025-05-31T13:10:10 IST" skipped="0">
  <testcase classname="GitBashPractice.GitBashSampleTest" name="gitbashTest" time="0.032"/>
</testsuite> <!-- GitBashPractice.GitBashSampleTest -->
